{"name":"Find the quantity of adidas shoes","id":"automation;find-the-quantity-of-adidas-shoes","testSteps":[{"number":1,"description":"Given the user wants to know how many adidas shoes are registered Ebay","duration":5470,"startTime":"2022-04-25T23:44:01.519-05:00[America/Bogota]","screenshots":[{"screenshot":"094e4073c7c005a0ce6e06dc7f9a1199e7ca09886066184ad7d16488882b29d2.png"}],"result":"SUCCESS","precondition":false,"children":[{"number":2,"description":"Lady opens the Automation ebay","duration":4795,"startTime":"2022-04-25T23:44:01.851-05:00[America/Bogota]","screenshots":[{"screenshot":"a5f3b490f22c66b4623a9bece4cade2e2390da01023c7dea01633eef30899377.png"}],"result":"SUCCESS","precondition":false}]},{"number":3,"description":"When the user filters by shoes and brand","duration":7617,"startTime":"2022-04-25T23:44:06.989-05:00[America/Bogota]","screenshots":[{"screenshot":"166ef777baa1657b7722c9dcebdee84487ddc3eb3018348b2128a7431f8140d1.png"}],"result":"SUCCESS","precondition":false,"children":[{"number":4,"description":"Lady enters \u0027shoes\u0027 into search bar","duration":490,"startTime":"2022-04-25T23:44:07.015-05:00[America/Bogota]","screenshots":[{"screenshot":"08f490502248dfcc207ebab3615549cb6c9462750039298fb446fc2204520904.png"}],"result":"SUCCESS","precondition":false},{"number":5,"description":"Lady clicks on button","duration":4260,"startTime":"2022-04-25T23:44:07.507-05:00[America/Bogota]","screenshots":[{"screenshot":"92498d10aa77ba7ee0e89bf45b20ccf2017a3e3c0c4b798aef20a45c60ee23af.png"}],"result":"SUCCESS","precondition":false},{"number":6,"description":"Lady clicks on check","duration":2587,"startTime":"2022-04-25T23:44:11.769-05:00[America/Bogota]","screenshots":[{"screenshot":"95781e68d4cee8a4c4b3f8cc4ece7473359920c63f054689ac4d9bf1c8367376.png"}],"result":"SUCCESS","precondition":false}]},{"number":7,"description":"Then the result must be greater than 2000","duration":10774,"startTime":"2022-04-25T23:44:14.606-05:00[America/Bogota]","exception":{"errorType":"java.lang.AssertionError","message":"Expected condition failed: waiting for By.xpath: //span[contains(text(),\u0027670.000\u0027)] to be displayed (tried for 5 second(s) with 100 milliseconds interval)\nBuild info: version: \u00273.11.0\u0027, revision: \u0027e59cfb3\u0027, time: \u00272018-03-11T20:26:55.152Z\u0027\nSystem info: host: \u0027LAPTOP-BNC3L37I\u0027, ip: \u0027192.168.20.43\u0027, os.name: \u0027Windows 10\u0027, os.arch: \u0027amd64\u0027, os.version: \u002710.0\u0027, java.version: \u00271.8.0_202\u0027\nDriver info: driver.version: unknown","stackTrace":[{"declaringClass":"stepdefinitions.CaseOneStepDefinitions","methodName":"theResultMustBeGreaterThanTwoThousand","fileName":"CaseOneStepDefinitions.java","lineNumber":34},{"declaringClass":"âœ½","methodName":"the result must be greater than 2000","fileName":"src/test/resources/features/caseOne.feature","lineNumber":7}]},"result":"FAILURE","precondition":false,"children":[{"number":8,"description":"Then answer","duration":10699,"startTime":"2022-04-25T23:44:14.676-05:00[America/Bogota]","screenshots":[{"screenshot":"c08886d45e3a37b9abc1b1af4a19e1412066267d68aba30851ad083cd57868a7.png","htmlSource":"pagesource4570375826694243696.html.txt"}],"exception":{"errorType":"org.openqa.selenium.NoSuchElementException","message":"Expected condition failed: waiting for By.xpath: //span[contains(text(),\u0027670.000\u0027)] to be displayed (tried for 5 second(s) with 100 milliseconds interval)\nBuild info: version: \u00273.11.0\u0027, revision: \u0027e59cfb3\u0027, time: \u00272018-03-11T20:26:55.152Z\u0027\nSystem info: host: \u0027LAPTOP-BNC3L37I\u0027, ip: \u0027192.168.20.43\u0027, os.name: \u0027Windows 10\u0027, os.arch: \u0027amd64\u0027, os.version: \u002710.0\u0027, java.version: \u00271.8.0_202\u0027\nDriver info: driver.version: unknown","stackTrace":[{"declaringClass":"questions.Answer","methodName":"answeredBy","fileName":"Answer.java","lineNumber":20},{"declaringClass":"questions.Answer","methodName":"answeredBy","fileName":"Answer.java","lineNumber":7},{"declaringClass":"stepdefinitions.CaseOneStepDefinitions","methodName":"theResultMustBeGreaterThanTwoThousand","fileName":"CaseOneStepDefinitions.java","lineNumber":34},{"declaringClass":"cucumber.runner.Runner","methodName":"runPickle","fileName":"Runner.java","lineNumber":80}],"rootCause":{"errorType":"org.openqa.selenium.TimeoutException","message":"Expected condition failed: waiting for By.xpath: //span[contains(text(),\u0027670.000\u0027)] to be displayed (tried for 5 second(s) with 100 milliseconds interval)\nBuild info: version: \u00273.11.0\u0027, revision: \u0027e59cfb3\u0027, time: \u00272018-03-11T20:26:55.152Z\u0027\nSystem info: host: \u0027LAPTOP-BNC3L37I\u0027, ip: \u0027192.168.20.43\u0027, os.name: \u0027Windows 10\u0027, os.arch: \u0027amd64\u0027, os.version: \u002710.0\u0027, java.version: \u00271.8.0_202\u0027\nDriver info: driver.version: unknown","stackTrace":[{"declaringClass":"questions.Answer","methodName":"answeredBy","fileName":"Answer.java","lineNumber":20},{"declaringClass":"questions.Answer","methodName":"answeredBy","fileName":"Answer.java","lineNumber":7},{"declaringClass":"stepdefinitions.CaseOneStepDefinitions","methodName":"theResultMustBeGreaterThanTwoThousand","fileName":"CaseOneStepDefinitions.java","lineNumber":34},{"declaringClass":"cucumber.runner.Runner","methodName":"runPickle","fileName":"Runner.java","lineNumber":80}]}},"result":"ERROR","precondition":false}]}],"userStory":{"id":"automation","storyName":"Automation","path":"src/test/resources/features/caseOne.feature","type":"feature"},"featureTag":{"name":"Features/Automation","type":"feature"},"title":"Find the quantity of adidas shoes","tags":[{"name":"scenario1","type":"tag"},{"name":"stories","type":"tag"},{"name":"Automation","type":"feature"}],"startTime":"2022-04-25T23:44:00.995-05:00[America/Bogota]","duration":24574,"testFailureCause":{"errorType":"org.openqa.selenium.NoSuchElementException","message":"The following error occurred: Expected condition failed: waiting for By.xpath: //span[contains(text(),\u0027670.000\u0027)] to be displayed (tried for 5 second(s) with 100 milliseconds interval)\nBuild info: version: \u00273.11.0\u0027, revision: \u0027e59cfb3\u0027, time: \u00272018-03-11T20:26:55.152Z\u0027\nSystem info: host: \u0027LAPTOP-BNC3L37I\u0027, ip: \u0027192.168.20.43\u0027, os.name: \u0027Windows 10\u0027, os.arch: \u0027amd64\u0027, os.version: \u002710.0\u0027, java.version: \u00271.8.0_202\u0027\nDriver info: driver.version: unknown","stackTrace":[{"declaringClass":"questions.Answer","methodName":"answeredBy","fileName":"Answer.java","lineNumber":20},{"declaringClass":"questions.Answer","methodName":"answeredBy","fileName":"Answer.java","lineNumber":7},{"declaringClass":"stepdefinitions.CaseOneStepDefinitions","methodName":"theResultMustBeGreaterThanTwoThousand","fileName":"CaseOneStepDefinitions.java","lineNumber":34},{"declaringClass":"cucumber.runner.Runner","methodName":"runPickle","fileName":"Runner.java","lineNumber":80}],"rootCause":{"errorType":"org.openqa.selenium.TimeoutException","message":"Expected condition failed: waiting for By.xpath: //span[contains(text(),\u0027670.000\u0027)] to be displayed (tried for 5 second(s) with 100 milliseconds interval)\nBuild info: version: \u00273.11.0\u0027, revision: \u0027e59cfb3\u0027, time: \u00272018-03-11T20:26:55.152Z\u0027\nSystem info: host: \u0027LAPTOP-BNC3L37I\u0027, ip: \u0027192.168.20.43\u0027, os.name: \u0027Windows 10\u0027, os.arch: \u0027amd64\u0027, os.version: \u002710.0\u0027, java.version: \u00271.8.0_202\u0027\nDriver info: driver.version: unknown","stackTrace":[{"declaringClass":"questions.Answer","methodName":"answeredBy","fileName":"Answer.java","lineNumber":20},{"declaringClass":"questions.Answer","methodName":"answeredBy","fileName":"Answer.java","lineNumber":7},{"declaringClass":"stepdefinitions.CaseOneStepDefinitions","methodName":"theResultMustBeGreaterThanTwoThousand","fileName":"CaseOneStepDefinitions.java","lineNumber":34},{"declaringClass":"cucumber.runner.Runner","methodName":"runPickle","fileName":"Runner.java","lineNumber":80}]}},"testFailureClassname":"org.openqa.selenium.NoSuchElementException","testFailureMessage":"The following error occurred: Expected condition failed: waiting for By.xpath: //span[contains(text(),\u0027670.000\u0027)] to be displayed (tried for 5 second(s) with 100 milliseconds interval)\nBuild info: version: \u00273.11.0\u0027, revision: \u0027e59cfb3\u0027, time: \u00272018-03-11T20:26:55.152Z\u0027\nSystem info: host: \u0027LAPTOP-BNC3L37I\u0027, ip: \u0027192.168.20.43\u0027, os.name: \u0027Windows 10\u0027, os.arch: \u0027amd64\u0027, os.version: \u002710.0\u0027, java.version: \u00271.8.0_202\u0027\nDriver info: driver.version: unknown","testFailureSummary":"ERROR;org.openqa.selenium.NoSuchElementException;The following error occurred: Expected condition failed: waiting for By.xpath: //span[contains(text(),\u0027670.000\u0027)] to be displayed (tried for 5 second(s) with 100 milliseconds interval)\nBuild info: version: \u00273.11.0\u0027, revision: \u0027e59cfb3\u0027, time: \u00272018-03-11T20:26:55.152Z\u0027\nSystem info: host: \u0027LAPTOP-BNC3L37I\u0027, ip: \u0027192.168.20.43\u0027, os.name: \u0027Windows 10\u0027, os.arch: \u0027amd64\u0027, os.version: \u002710.0\u0027, java.version: \u00271.8.0_202\u0027\nDriver info: driver.version: unknown;Answer.java","projectKey":"","annotatedResult":"ERROR","sessionId":"dcd6c9540e383611404df70130c71bfa","driver":"chrome:lady","manual":false,"testSource":"Cucumber","result":"ERROR"}